[
  {
    "line": 2,
    "elements": [
      {
        "start_timestamp": "2022-06-13T09:38:26.112Z",
        "line": 4,
        "name": "create new Facebook account through chrome browser",
        "description": "",
        "id": "create-new-facebook-account;create-new-facebook-account-through-chrome-browser",
        "after": [
          {
            "result": {
              "duration": 3296219300,
              "status": "passed"
            },
            "match": {
              "location": "Hooks.afts()"
            }
          },
          {
            "result": {
              "error_message": "org.openqa.selenium.NoSuchSessionException: invalid session id\nBuild info: version: \u00274.1.2\u0027, revision: \u00279a5a329c5a\u0027\nSystem info: host: \u0027DESKTOP-RIGKATV\u0027, ip: \u0027192.168.1.16\u0027, os.name: \u0027Windows 10\u0027, os.arch: \u0027amd64\u0027, os.version: \u002710.0\u0027, java.version: \u00271.8.0_321\u0027\nDriver info: org.openqa.selenium.chrome.ChromeDriver\nCommand: [3c841a161074b53aac3bfac7dc0f2557, screenshot {}]\nCapabilities {acceptInsecureCerts: false, browserName: chrome, browserVersion: 102.0.5005.63, chrome: {chromedriverVersion: 102.0.5005.61 (0e59bcc00cc4..., userDataDir: C:\\Users\\zubee\\AppData\\Loca...}, goog:chromeOptions: {debuggerAddress: localhost:60389}, javascriptEnabled: true, networkConnectionEnabled: false, pageLoadStrategy: normal, platform: WINDOWS, platformName: WINDOWS, proxy: Proxy(), se:cdp: ws://localhost:60389/devtoo..., se:cdpVersion: 102.0.5005.63, setWindowRect: true, strictFileInteractability: false, timeouts: {implicit: 0, pageLoad: 300000, script: 30000}, unhandledPromptBehavior: dismiss and notify, webauthn:extension:credBlob: true, webauthn:extension:largeBlob: true, webauthn:virtualAuthenticators: true}\nSession ID: 3c841a161074b53aac3bfac7dc0f2557\r\n\tat sun.reflect.NativeConstructorAccessorImpl.newInstance0(Native Method)\r\n\tat sun.reflect.NativeConstructorAccessorImpl.newInstance(Unknown Source)\r\n\tat sun.reflect.DelegatingConstructorAccessorImpl.newInstance(Unknown Source)\r\n\tat java.lang.reflect.Constructor.newInstance(Unknown Source)\r\n\tat org.openqa.selenium.remote.codec.w3c.W3CHttpResponseCodec.createException(W3CHttpResponseCodec.java:200)\r\n\tat org.openqa.selenium.remote.codec.w3c.W3CHttpResponseCodec.decode(W3CHttpResponseCodec.java:133)\r\n\tat org.openqa.selenium.remote.codec.w3c.W3CHttpResponseCodec.decode(W3CHttpResponseCodec.java:53)\r\n\tat org.openqa.selenium.remote.HttpCommandExecutor.execute(HttpCommandExecutor.java:184)\r\n\tat org.openqa.selenium.remote.service.DriverCommandExecutor.invokeExecute(DriverCommandExecutor.java:167)\r\n\tat org.openqa.selenium.remote.service.DriverCommandExecutor.execute(DriverCommandExecutor.java:142)\r\n\tat org.openqa.selenium.remote.RemoteWebDriver.execute(RemoteWebDriver.java:558)\r\n\tat org.openqa.selenium.remote.RemoteWebDriver.execute(RemoteWebDriver.java:613)\r\n\tat org.openqa.selenium.remote.RemoteWebDriver.execute(RemoteWebDriver.java:617)\r\n\tat org.openqa.selenium.remote.RemoteWebDriver.getScreenshotAs(RemoteWebDriver.java:348)\r\n\tat org.demo.Hooks.aft(Hooks.java:26)\r\n\tat sun.reflect.NativeMethodAccessorImpl.invoke0(Native Method)\r\n\tat sun.reflect.NativeMethodAccessorImpl.invoke(Unknown Source)\r\n\tat sun.reflect.DelegatingMethodAccessorImpl.invoke(Unknown Source)\r\n\tat java.lang.reflect.Method.invoke(Unknown Source)\r\n\tat cucumber.runtime.Utils$1.call(Utils.java:26)\r\n\tat cucumber.runtime.Timeout.timeout(Timeout.java:16)\r\n\tat cucumber.runtime.Utils.invoke(Utils.java:20)\r\n\tat cucumber.runtime.java.JavaHookDefinition.execute(JavaHookDefinition.java:65)\r\n\tat cucumber.runner.HookDefinitionMatch.runStep(HookDefinitionMatch.java:16)\r\n\tat cucumber.runner.TestStep.executeStep(TestStep.java:65)\r\n\tat cucumber.runner.TestStep.run(TestStep.java:50)\r\n\tat cucumber.runner.TestCase.run(TestCase.java:50)\r\n\tat cucumber.runner.Runner.runPickle(Runner.java:50)\r\n\tat io.cucumber.junit.PickleRunners$NoStepDescriptions.run(PickleRunners.java:146)\r\n\tat io.cucumber.junit.FeatureRunner.runChild(FeatureRunner.java:68)\r\n\tat io.cucumber.junit.FeatureRunner.runChild(FeatureRunner.java:23)\r\n\tat org.junit.runners.ParentRunner$3.run(ParentRunner.java:290)\r\n\tat org.junit.runners.ParentRunner$1.schedule(ParentRunner.java:71)\r\n\tat org.junit.runners.ParentRunner.runChildren(ParentRunner.java:288)\r\n\tat org.junit.runners.ParentRunner.access$000(ParentRunner.java:58)\r\n\tat org.junit.runners.ParentRunner$2.evaluate(ParentRunner.java:268)\r\n\tat org.junit.runners.ParentRunner.run(ParentRunner.java:363)\r\n\tat io.cucumber.junit.Cucumber.runChild(Cucumber.java:144)\r\n\tat io.cucumber.junit.Cucumber.runChild(Cucumber.java:65)\r\n\tat org.junit.runners.ParentRunner$3.run(ParentRunner.java:290)\r\n\tat org.junit.runners.ParentRunner$1.schedule(ParentRunner.java:71)\r\n\tat org.junit.runners.ParentRunner.runChildren(ParentRunner.java:288)\r\n\tat org.junit.runners.ParentRunner.access$000(ParentRunner.java:58)\r\n\tat org.junit.runners.ParentRunner$2.evaluate(ParentRunner.java:268)\r\n\tat io.cucumber.junit.Cucumber$RunCucumber.evaluate(Cucumber.java:174)\r\n\tat org.junit.internal.runners.statements.RunAfters.evaluate(RunAfters.java:27)\r\n\tat org.junit.runners.ParentRunner.run(ParentRunner.java:363)\r\n\tat org.eclipse.jdt.internal.junit4.runner.JUnit4TestReference.run(JUnit4TestReference.java:86)\r\n\tat org.eclipse.jdt.internal.junit.runner.TestExecution.run(TestExecution.java:38)\r\n\tat org.eclipse.jdt.internal.junit.runner.RemoteTestRunner.runTests(RemoteTestRunner.java:538)\r\n\tat org.eclipse.jdt.internal.junit.runner.RemoteTestRunner.runTests(RemoteTestRunner.java:760)\r\n\tat org.eclipse.jdt.internal.junit.runner.RemoteTestRunner.run(RemoteTestRunner.java:460)\r\n\tat org.eclipse.jdt.internal.junit.runner.RemoteTestRunner.main(RemoteTestRunner.java:206)\r\n",
              "duration": 392555700,
              "status": "failed"
            },
            "match": {
              "location": "Hooks.aft(Scenario)"
            }
          }
        ],
        "type": "scenario",
        "keyword": "Scenario",
        "steps": [
          {
            "result": {
              "duration": 39448332100,
              "status": "passed"
            },
            "line": 5,
            "name": "open facebook url",
            "match": {
              "location": "StepDefinition.openFacebookUrl()"
            },
            "keyword": "Given "
          },
          {
            "result": {
              "duration": 7995421600,
              "status": "passed"
            },
            "line": 6,
            "name": "fill the all Details",
            "match": {
              "location": "StepDefinition.fillTheAllDetails()"
            },
            "keyword": "When "
          },
          {
            "result": {
              "error_message": "org.openqa.selenium.InvalidSelectorException: invalid selector: Unable to locate an element with the xpath expression (//button[@type\u003d\u0027submit\u0027])[] because of the following error:\nSyntaxError: Failed to execute \u0027evaluate\u0027 on \u0027Document\u0027: The string \u0027(//button[@type\u003d\u0027submit\u0027])[]\u0027 is not a valid XPath expression.\n  (Session info: chrome\u003d102.0.5005.63)\nFor documentation on this error, please visit: https://selenium.dev/exceptions/#invalid_selector_exception\nBuild info: version: \u00274.1.2\u0027, revision: \u00279a5a329c5a\u0027\nSystem info: host: \u0027DESKTOP-RIGKATV\u0027, ip: \u0027192.168.1.16\u0027, os.name: \u0027Windows 10\u0027, os.arch: \u0027amd64\u0027, os.version: \u002710.0\u0027, java.version: \u00271.8.0_321\u0027\nDriver info: org.openqa.selenium.chrome.ChromeDriver\nCommand: [3c841a161074b53aac3bfac7dc0f2557, findElement {using\u003dxpath, value\u003d(//button[@type\u003d\u0027submit\u0027])[]}]\nCapabilities {acceptInsecureCerts: false, browserName: chrome, browserVersion: 102.0.5005.63, chrome: {chromedriverVersion: 102.0.5005.61 (0e59bcc00cc4..., userDataDir: C:\\Users\\zubee\\AppData\\Loca...}, goog:chromeOptions: {debuggerAddress: localhost:60389}, javascriptEnabled: true, networkConnectionEnabled: false, pageLoadStrategy: normal, platform: WINDOWS, platformName: WINDOWS, proxy: Proxy(), se:cdp: ws://localhost:60389/devtoo..., se:cdpVersion: 102.0.5005.63, setWindowRect: true, strictFileInteractability: false, timeouts: {implicit: 0, pageLoad: 300000, script: 30000}, unhandledPromptBehavior: dismiss and notify, webauthn:extension:credBlob: true, webauthn:extension:largeBlob: true, webauthn:virtualAuthenticators: true}\nSession ID: 3c841a161074b53aac3bfac7dc0f2557\r\n\tat sun.reflect.NativeConstructorAccessorImpl.newInstance0(Native Method)\r\n\tat sun.reflect.NativeConstructorAccessorImpl.newInstance(Unknown Source)\r\n\tat sun.reflect.DelegatingConstructorAccessorImpl.newInstance(Unknown Source)\r\n\tat java.lang.reflect.Constructor.newInstance(Unknown Source)\r\n\tat org.openqa.selenium.remote.codec.w3c.W3CHttpResponseCodec.createException(W3CHttpResponseCodec.java:200)\r\n\tat org.openqa.selenium.remote.codec.w3c.W3CHttpResponseCodec.decode(W3CHttpResponseCodec.java:133)\r\n\tat org.openqa.selenium.remote.codec.w3c.W3CHttpResponseCodec.decode(W3CHttpResponseCodec.java:53)\r\n\tat org.openqa.selenium.remote.HttpCommandExecutor.execute(HttpCommandExecutor.java:184)\r\n\tat org.openqa.selenium.remote.service.DriverCommandExecutor.invokeExecute(DriverCommandExecutor.java:167)\r\n\tat org.openqa.selenium.remote.service.DriverCommandExecutor.execute(DriverCommandExecutor.java:142)\r\n\tat org.openqa.selenium.remote.RemoteWebDriver.execute(RemoteWebDriver.java:558)\r\n\tat org.openqa.selenium.remote.ElementLocation$ElementFinder$2.findElement(ElementLocation.java:162)\r\n\tat org.openqa.selenium.remote.ElementLocation.findElement(ElementLocation.java:60)\r\n\tat org.openqa.selenium.remote.RemoteWebDriver.findElement(RemoteWebDriver.java:382)\r\n\tat org.openqa.selenium.remote.RemoteWebDriver.findElement(RemoteWebDriver.java:374)\r\n\tat org.demo.StepDefinition.clickNewCreateAccountButton(StepDefinition.java:63)\r\n\tat âœ½.Click new create  account  button(file:src/test/resources/FeatureFile/createnewaccount.feature:7)\r\n",
              "duration": 824536000,
              "status": "failed"
            },
            "line": 7,
            "name": "Click new create  account  button",
            "match": {
              "location": "StepDefinition.clickNewCreateAccountButton()"
            },
            "keyword": "Then "
          }
        ],
        "tags": [
          {
            "name": "@createnew"
          }
        ]
      }
    ],
    "name": "Create new Facebook account",
    "description": "",
    "id": "create-new-facebook-account",
    "keyword": "Feature",
    "uri": "file:src/test/resources/FeatureFile/createnewaccount.feature",
    "tags": [
      {
        "name": "@createnew",
        "type": "Tag",
        "location": {
          "line": 1,
          "column": 1
        }
      }
    ]
  },
  {
    "line": 2,
    "elements": [
      {
        "start_timestamp": "2022-06-13T09:39:18.888Z",
        "line": 5,
        "name": "To validate login functionality in chrome browser",
        "description": "",
        "id": "to-validate-facebook-functionalities;to-validate-login-functionality-in-chrome-browser",
        "after": [
          {
            "result": {
              "duration": 4273757200,
              "status": "passed"
            },
            "match": {
              "location": "Hooks.afts()"
            }
          },
          {
            "result": {
              "duration": 97300,
              "status": "passed"
            },
            "match": {
              "location": "Hooks.aft(Scenario)"
            }
          }
        ],
        "type": "scenario",
        "keyword": "Scenario",
        "steps": [
          {
            "result": {
              "duration": 6793661700,
              "status": "passed"
            },
            "line": 6,
            "name": "to check the login function though chrome browser",
            "match": {
              "location": "StepDefinition.to_check_the_login_function_though_chrome_browser()"
            },
            "keyword": "Given "
          },
          {
            "result": {
              "duration": 6979204100,
              "status": "passed"
            },
            "line": 7,
            "name": "to validate valid email and invalid  password",
            "match": {
              "location": "StepDefinition.toValidateValidEmailAndInvalidPassword(DataTable)"
            },
            "rows": [
              {
                "cells": [
                  "username",
                  "password",
                  "phoneno"
                ]
              },
              {
                "cells": [
                  "greens",
                  "123214",
                  "9897868678"
                ]
              },
              {
                "cells": [
                  "blue",
                  "red",
                  "green"
                ]
              },
              {
                "cells": [
                  "selenium",
                  "python",
                  "ruby"
                ]
              }
            ],
            "keyword": "When "
          },
          {
            "result": {
              "duration": 1608000,
              "status": "passed"
            },
            "line": 13,
            "name": "error occuried",
            "match": {
              "location": "StepDefinition.error_occuried()"
            },
            "keyword": "Then "
          }
        ]
      }
    ],
    "name": "To validate facebook functionalities",
    "description": "",
    "id": "to-validate-facebook-functionalities",
    "keyword": "Feature",
    "uri": "file:src/test/resources/FeatureFile/login.feature",
    "tags": []
  }
]